<?xml version="1.0" encoding="UTF-8"?>
<!-- Generated by org.testng.reporters.JUnitXMLReporter -->
<testsuite ignored="0" hostname="DESKTOP-IMBM639" failures="0" tests="6" name="Default test" time="18.724" errors="0" timestamp="2025-07-18T00:13:22 PKT">
  <testcase classname="api_test.DataDrivenTests" name="testPostUser" time="4.551"/>
  <testcase classname="api_test.DataDrivenTests" name="testPostUser" time="1.185"/>
  <testcase classname="api_test.DataDrivenTests" name="testPostUser" time="1.103"/>
  <testcase classname="api_test.DataDrivenTests" name="testDeleteUserByName" time="1.108"/>
  <testcase classname="api_test.DataDrivenTests" name="testDeleteUserByName" time="1.066"/>
  <testcase classname="api_test.DataDrivenTests" name="testDeleteUserByName" time="1.123"/>
</testsuite> <!-- Default test -->
