<?xml version="1.0" encoding="UTF-8"?>
<!-- Generated by org.testng.reporters.JUnitXMLReporter -->
<testsuite ignored="0" hostname="DESKTOP-IMBM639" failures="0" tests="4" name="Test" time="18.555" errors="0" timestamp="2025-07-20T16:47:54 PKT">
  <testcase classname="api_test.UserTests2" name="testPostUser" time="5.361"/>
  <testcase classname="api_test.UserTests2" name="testGetUserByName" time="7.379"/>
  <testcase classname="api_test.UserTests2" name="testUpdateUserByName" time="2.169"/>
  <testcase classname="api_test.UserTests2" name="deleteUserByName" time="2.485"/>
</testsuite> <!-- Test -->
