<?xml version="1.0" encoding="UTF-8"?>
<testng-results ignored="0" total="4" passed="4" failed="0" skipped="0">
  <reporter-output>
  </reporter-output>
  <suite started-at="2025-07-20T16:47:35 PKT" name="Suite" finished-at="2025-07-20T16:47:54 PKT" duration-ms="18555">
    <groups>
    </groups>
    <test started-at="2025-07-20T16:47:35 PKT" name="Test" finished-at="2025-07-20T16:47:54 PKT" duration-ms="18555">
      <class name="api_test.UserTests2">
        <test-method is-config="true" signature="setup()[pri:0, instance:api_test.UserTests2@2b662a77]" started-at="2025-07-20T16:47:35 PKT" name="setup" finished-at="2025-07-20T16:47:36 PKT" duration-ms="1098" status="PASS">
          <reporter-output>
          </reporter-output>
        </test-method> <!-- setup -->
        <test-method signature="testPostUser()[pri:1, instance:api_test.UserTests2@2b662a77]" started-at="2025-07-20T16:47:36 PKT" name="testPostUser" finished-at="2025-07-20T16:47:42 PKT" duration-ms="5361" status="PASS">
          <reporter-output>
          </reporter-output>
        </test-method> <!-- testPostUser -->
        <test-method signature="testGetUserByName()[pri:2, instance:api_test.UserTests2@2b662a77]" started-at="2025-07-20T16:47:42 PKT" name="testGetUserByName" finished-at="2025-07-20T16:47:49 PKT" depends-on-methods="api_test.UserTests2.testPostUser" duration-ms="7379" status="PASS">
          <reporter-output>
          </reporter-output>
        </test-method> <!-- testGetUserByName -->
        <test-method signature="testUpdateUserByName()[pri:3, instance:api_test.UserTests2@2b662a77]" started-at="2025-07-20T16:47:49 PKT" name="testUpdateUserByName" finished-at="2025-07-20T16:47:51 PKT" depends-on-methods="api_test.UserTests2.testPostUser" duration-ms="2169" status="PASS">
          <reporter-output>
          </reporter-output>
        </test-method> <!-- testUpdateUserByName -->
        <test-method signature="deleteUserByName()[pri:4, instance:api_test.UserTests2@2b662a77]" started-at="2025-07-20T16:47:51 PKT" name="deleteUserByName" finished-at="2025-07-20T16:47:54 PKT" depends-on-methods="api_test.UserTests2.testPostUser" duration-ms="2485" status="PASS">
          <reporter-output>
          </reporter-output>
        </test-method> <!-- deleteUserByName -->
      </class> <!-- api_test.UserTests2 -->
    </test> <!-- Test -->
  </suite> <!-- Suite -->
</testng-results>
