<?xml version="1.0" encoding="UTF-8"?>
<testsuite xmlns:xsi="http://www.w3.org/2001/XMLSchema-instance" xsi:noNamespaceSchemaLocation="https://maven.apache.org/surefire/maven-surefire-plugin/xsd/surefire-test-report.xsd" version="3.0.1" name="TestSuite" time="13.4" tests="4" errors="0" skipped="0" failures="0">
  <properties>
[...]
</properties>
  <testcase name="testPostUser" classname="api_test.UserTests2" time="3.894">
    <system-out><![CDATA[HTTP/1.1 200 OK
Date: Sun, 20 Jul 2025 08:38:20 GMT
Content-Type: application/json
Transfer-Encoding: chunked
Connection: keep-alive
Access-Control-Allow-Origin: *
Access-Control-Allow-Methods: GET, POST, DELETE, PUT
Access-Control-Allow-Headers: Content-Type, api_key, Authorization
Server: Jetty(9.2.9.v20150224)

{
    "code": 200,
    "type": "unknown",
    "message": "1316557528"
}
]]></system-out>
    <system-err><![CDATA[SLF4J(W): No SLF4J providers were found.
SLF4J(W): Defaulting to no-operation (NOP) logger implementation
SLF4J(W): See https://www.slf4j.org/codes.html#noProviders for further details.
]]></system-err>
  </testcase>
  <testcase name="testGetUserByName" classname="api_test.UserTests2" time="4.13">
    <system-out><![CDATA[HTTP/1.1 200 OK
Date: Sun, 20 Jul 2025 08:38:24 GMT
Content-Type: application/json
Transfer-Encoding: chunked
Connection: keep-alive
Access-Control-Allow-Origin: *
Access-Control-Allow-Methods: GET, POST, DELETE, PUT
Access-Control-Allow-Headers: Content-Type, api_key, Authorization
Server: Jetty(9.2.9.v20150224)

{
    "id": 1316557528,
    "username": "qauser_1753000696158",
    "firstName": "Jung",
    "lastName": "Greenfelder",
    "email": "richard.grimes@example.com",
    "password": "4jy0pu3",
    "phone": "(982) 365-8285",
    "userStatus": 0
}
]]></system-out>
  </testcase>
  <testcase name="testUpdateUserByName" classname="api_test.UserTests2" time="2.191">
    <system-out><![CDATA[{
    "code": 200,
    "type": "unknown",
    "message": "1316557528"
}
HTTP/1.1 200 OK
Date: Sun, 20 Jul 2025 08:38:26 GMT
Content-Type: application/json
Transfer-Encoding: chunked
Connection: keep-alive
Access-Control-Allow-Origin: *
Access-Control-Allow-Methods: GET, POST, DELETE, PUT
Access-Control-Allow-Headers: Content-Type, api_key, Authorization
Server: Jetty(9.2.9.v20150224)

{
    "id": 1316557528,
    "username": "qauser_1753000696158",
    "firstName": "Rosalind",
    "lastName": "Hane",
    "email": "rocky.purdy@example.com",
    "password": "4jy0pu3",
    "phone": "(982) 365-8285",
    "userStatus": 0
}
]]></system-out>
  </testcase>
  <testcase name="deleteUserByName" classname="api_test.UserTests2" time="1.199"/>
</testsuite>