<?xml version="1.0" encoding="UTF-8"?>
<testng-results ignored="0" total="4" passed="4" failed="0" skipped="0">
  <reporter-output>
  </reporter-output>
  <suite started-at="2025-07-20T13:38:16 PKT" name="Suite" finished-at="2025-07-20T13:38:28 PKT" duration-ms="12600">
    <groups>
    </groups>
    <test started-at="2025-07-20T13:38:16 PKT" name="Test" finished-at="2025-07-20T13:38:28 PKT" duration-ms="12600">
      <class name="api_test.UserTests2">
        <test-method is-config="true" signature="setup()[pri:0, instance:api_test.UserTests2@131774fe]" started-at="2025-07-20T13:38:16 PKT" name="setup" finished-at="2025-07-20T13:38:17 PKT" duration-ms="1114" status="PASS">
          <reporter-output>
          </reporter-output>
        </test-method> <!-- setup -->
        <test-method signature="testPostUser()[pri:1, instance:api_test.UserTests2@131774fe]" started-at="2025-07-20T13:38:17 PKT" name="testPostUser" finished-at="2025-07-20T13:38:21 PKT" duration-ms="3884" status="PASS">
          <reporter-output>
          </reporter-output>
        </test-method> <!-- testPostUser -->
        <test-method signature="testGetUserByName()[pri:2, instance:api_test.UserTests2@131774fe]" started-at="2025-07-20T13:38:21 PKT" name="testGetUserByName" finished-at="2025-07-20T13:38:25 PKT" depends-on-methods="api_test.UserTests2.testPostUser" duration-ms="4124" status="PASS">
          <reporter-output>
          </reporter-output>
        </test-method> <!-- testGetUserByName -->
        <test-method signature="testUpdateUserByName()[pri:3, instance:api_test.UserTests2@131774fe]" started-at="2025-07-20T13:38:25 PKT" name="testUpdateUserByName" finished-at="2025-07-20T13:38:27 PKT" depends-on-methods="api_test.UserTests2.testPostUser" duration-ms="2190" status="PASS">
          <reporter-output>
          </reporter-output>
        </test-method> <!-- testUpdateUserByName -->
        <test-method signature="deleteUserByName()[pri:4, instance:api_test.UserTests2@131774fe]" started-at="2025-07-20T13:38:27 PKT" name="deleteUserByName" finished-at="2025-07-20T13:38:28 PKT" depends-on-methods="api_test.UserTests2.testPostUser" duration-ms="1204" status="PASS">
          <reporter-output>
          </reporter-output>
        </test-method> <!-- deleteUserByName -->
      </class> <!-- api_test.UserTests2 -->
    </test> <!-- Test -->
  </suite> <!-- Suite -->
</testng-results>
