<?xml version="1.0" encoding="UTF-8"?>
<testng-results ignored="0" total="4" passed="4" failed="0" skipped="0">
  <reporter-output>
  </reporter-output>
  <suite started-at="2025-07-20T12:30:04 PKT" name="Suite" finished-at="2025-07-20T12:30:17 PKT" duration-ms="12669">
    <groups>
    </groups>
    <test started-at="2025-07-20T12:30:04 PKT" name="Test" finished-at="2025-07-20T12:30:17 PKT" duration-ms="12669">
      <class name="api_test.UserTests2">
        <test-method is-config="true" signature="setup()[pri:0, instance:api_test.UserTests2@7eac9008]" started-at="2025-07-20T12:30:04 PKT" name="setup" finished-at="2025-07-20T12:30:05 PKT" duration-ms="963" status="PASS">
          <reporter-output>
          </reporter-output>
        </test-method> <!-- setup -->
        <test-method signature="testPostUser()[pri:1, instance:api_test.UserTests2@7eac9008]" started-at="2025-07-20T12:30:05 PKT" name="testPostUser" finished-at="2025-07-20T12:30:09 PKT" duration-ms="4052" status="PASS">
          <reporter-output>
          </reporter-output>
        </test-method> <!-- testPostUser -->
        <test-method signature="testGetUserByName()[pri:2, instance:api_test.UserTests2@7eac9008]" started-at="2025-07-20T12:30:09 PKT" name="testGetUserByName" finished-at="2025-07-20T12:30:14 PKT" duration-ms="4166" status="PASS">
          <reporter-output>
          </reporter-output>
        </test-method> <!-- testGetUserByName -->
        <test-method signature="testUpdateUserByName()[pri:3, instance:api_test.UserTests2@7eac9008]" started-at="2025-07-20T12:30:14 PKT" name="testUpdateUserByName" finished-at="2025-07-20T12:30:16 PKT" duration-ms="2243" status="PASS">
          <reporter-output>
          </reporter-output>
        </test-method> <!-- testUpdateUserByName -->
        <test-method signature="deleteUserByName()[pri:4, instance:api_test.UserTests2@7eac9008]" started-at="2025-07-20T12:30:16 PKT" name="deleteUserByName" finished-at="2025-07-20T12:30:17 PKT" duration-ms="1163" status="PASS">
          <reporter-output>
          </reporter-output>
        </test-method> <!-- deleteUserByName -->
      </class> <!-- api_test.UserTests2 -->
    </test> <!-- Test -->
  </suite> <!-- Suite -->
</testng-results>
